0 info it worked if it ends with ok
1 verbose cli [ '/usr/bin/nodejs', '/usr/bin/npm', 'run', 'compile' ]
2 info using npm@3.5.2
3 info using node@v4.2.6
4 verbose run-script [ 'precompile', 'compile', 'postcompile' ]
5 info lifecycle screeps-tools@0.0.0~precompile: screeps-tools@0.0.0
6 silly lifecycle screeps-tools@0.0.0~precompile: no script for precompile, continuing
7 info lifecycle screeps-tools@0.0.0~compile: screeps-tools@0.0.0
8 verbose lifecycle screeps-tools@0.0.0~compile: unsafe-perm in lifecycle true
9 verbose lifecycle screeps-tools@0.0.0~compile: PATH: /usr/share/npm/bin/node-gyp-bin:/home/admon/screeps-tools/node_modules/.bin:/usr/local/sbin:/usr/local/bin:/usr/sbin:/usr/bin:/sbin:/bin:/usr/games:/usr/local/games
10 verbose lifecycle screeps-tools@0.0.0~compile: CWD: /home/admon/screeps-tools
11 silly lifecycle screeps-tools@0.0.0~compile: Args: [ '-c', 'rollup -c' ]
12 silly lifecycle screeps-tools@0.0.0~compile: Returned: code: 1  signal: null
13 info lifecycle screeps-tools@0.0.0~compile: Failed to exec compile script
14 verbose stack Error: screeps-tools@0.0.0 compile: `rollup -c`
14 verbose stack Exit status 1
14 verbose stack     at EventEmitter.<anonymous> (/usr/share/npm/lib/utils/lifecycle.js:232:16)
14 verbose stack     at emitTwo (events.js:87:13)
14 verbose stack     at EventEmitter.emit (events.js:172:7)
14 verbose stack     at ChildProcess.<anonymous> (/usr/share/npm/lib/utils/spawn.js:24:14)
14 verbose stack     at emitTwo (events.js:87:13)
14 verbose stack     at ChildProcess.emit (events.js:172:7)
14 verbose stack     at maybeClose (internal/child_process.js:821:16)
14 verbose stack     at Process.ChildProcess._handle.onexit (internal/child_process.js:211:5)
15 verbose pkgid screeps-tools@0.0.0
16 verbose cwd /home/admon/screeps-tools
17 error Linux 4.4.0-154-generic
18 error argv "/usr/bin/nodejs" "/usr/bin/npm" "run" "compile"
19 error node v4.2.6
20 error npm  v3.5.2
21 error code ELIFECYCLE
22 error screeps-tools@0.0.0 compile: `rollup -c`
22 error Exit status 1
23 error Failed at the screeps-tools@0.0.0 compile script 'rollup -c'.
23 error Make sure you have the latest version of node.js and npm installed.
23 error If you do, this is most likely a problem with the screeps-tools package,
23 error not with npm itself.
23 error Tell the author that this fails on your system:
23 error     rollup -c
23 error You can get information on how to open an issue for this project with:
23 error     npm bugs screeps-tools
23 error Or if that isn't available, you can get their info via:
23 error     npm owner ls screeps-tools
23 error There is likely additional logging output above.
24 verbose exit [ 1, true ]
